<?xml version="1.0" encoding="UTF-8"?>
<testng-results skipped="0" failed="0" total="1" passed="1">
  <reporter-output>
  </reporter-output>
  <suite name="Default suite" duration-ms="84219" started-at="2020-02-03T07:56:32Z" finished-at="2020-02-03T07:57:56Z">
    <groups>
    </groups>
    <test name="Default test" duration-ms="84219" started-at="2020-02-03T07:56:32Z" finished-at="2020-02-03T07:57:56Z">
      <class name="driverFactory.AppTest">
        <test-method status="PASS" signature="startTest()[pri:0, instance:driverFactory.AppTest@1593948d]" name="startTest" duration-ms="84188" started-at="2020-02-03T13:26:32Z" finished-at="2020-02-03T13:27:56Z">
          <reporter-output>
          </reporter-output>
        </test-method> <!-- startTest -->
      </class> <!-- driverFactory.AppTest -->
    </test> <!-- Default test -->
  </suite> <!-- Default suite -->
</testng-results>
